"D:/UEPROJECTS/Exp-game/Content/Geometry/Meshes/CubeMaterial.uasset" 0
"D:/UEPROJECTS/Exp-game/Content/Geometry/Meshes/TemplateFloor.uasset" 1
"D:/UEPROJECTS/Exp-game/Content/TwinStick/Meshes/BaseMaterial.uasset" 2
"D:/UEPROJECTS/Exp-game/Content/TwinStick/Meshes/BlueMaterial.uasset" 3
"D:/UEPROJECTS/Exp-game/Content/TwinStick/Meshes/TwinStickUFO.uasset" 4
"../../../Engine/Content/EngineMaterials/T_Default_Material_Grid_N.uasset" 5
"../../../Engine/Content/EngineMaterials/T_Default_Material_Grid_M.uasset" 6
"../../../Engine/Content/Functions/Engine_MaterialFunctions01/Opacity/CameraDepthFade.uasset" 7
"../../../Engine/Content/EngineMaterials/WorldGridMaterial.uasset" 8
"../../../Engine/Content/ArtTools/RenderToTexture/Meshes/S_1_Unit_Plane.uasset" 9
"../../../Engine/Content/EngineMaterials/DefaultMaterial.uasset" 10
"../../../Engine/Content/BasicShapes/Cone.uasset" 11
"../../../Engine/Content/BasicShapes/Cube.uasset" 12
"../../../Engine/Content/BasicShapes/Plane.uasset" 13
"../../../Engine/Content/BasicShapes/Sphere.uasset" 14
"../../../Engine/Content/EditorLandscapeResources/DataLayer.uasset" 15
"../../../Engine/Content/EditorLandscapeResources/DefaultAlphaTexture.uasset" 16
"../../../Engine/Content/EditorMaterials/MAT_Groups_Toggle.uasset" 17
"../../../Engine/Content/EditorMaterials/MAT_Groups_Visibility.uasset" 18
"../../../Engine/Content/EditorMaterials/PreviewShadowIndicator.uasset" 19
"../../../Engine/Content/EditorMaterials/PreviewShadowIndicatorMaterial.uasset" 20
"../../../Engine/Content/EditorMaterials/MatineeGroups/MAT_ColorTrack.uasset" 21
"../../../Engine/Content/EditorMaterials/MatineeGroups/MAT_Groups_Anim.uasset" 22
"../../../Engine/Content/EditorMaterials/MatineeGroups/MAT_Groups_AudioMaster.uasset" 23
"../../../Engine/Content/EditorMaterials/MatineeGroups/MAT_Groups_Director.uasset" 24
"../../../Engine/Content/EditorMaterials/MatineeGroups/MAT_Groups_Event.uasset" 25
"../../../Engine/Content/EditorMaterials/MatineeGroups/MAT_Groups_Fade.uasset" 26
"../../../Engine/Content/EditorMaterials/MatineeGroups/MAT_Groups_Float.uasset" 27
"../../../Engine/Content/EditorMaterials/MatineeGroups/MAT_Groups_Move.uasset" 28
"../../../Engine/Content/EditorMaterials/MatineeGroups/MAT_Groups_Slomo.uasset" 29
"../../../Engine/Content/EditorMaterials/MatineeGroups/MAT_Groups_Sound.uasset" 30
"../../../Engine/Content/EditorMaterials/MatineeGroups/MAT_Groups_Vector.uasset" 31
"../../../Engine/Content/EditorMaterials/ParticleSystems/PSysThumbnail_NoImage.uasset" 32
"../../../Engine/Content/EditorMaterials/ParticleSystems/PSysThumbnail_OOD.uasset" 33
"../../../Engine/Content/EditorMaterials/Camera/CineMat.uasset" 34
"../../../Engine/Content/EditorMaterials/Camera/MI_CineMat_Rig.uasset" 35
"../../../Engine/Content/EditorMeshes/Camera/SM_CraneRig_Arm.uasset" 36
"../../../Engine/Content/EditorMeshes/Camera/SM_CraneRig_Base.uasset" 37
"../../../Engine/Content/EditorMeshes/Camera/SM_CraneRig_Body.uasset" 38
"../../../Engine/Content/EditorMeshes/Camera/SM_CraneRig_Mount.uasset" 39
"../../../Engine/Content/EditorMeshes/Camera/SM_RailRig_Mount.uasset" 40
"../../../Engine/Content/EditorMeshes/Camera/SM_RailRig_Track.uasset" 41
"../../../Engine/Content/EditorResources/BSPVertex.uasset" 42
"../../../Engine/Content/EditorResources/EmptyActor.uasset" 43
"../../../Engine/Content/EditorResources/S_Actor.uasset" 44
"../../../Engine/Content/EditorResources/S_Note.uasset" 45
"../../../Engine/Content/EditorResources/S_Solver.uasset" 46
"../../../Engine/Content/EditorResources/S_Terrain.uasset" 47
"../../../Engine/Content/EditorResources/S_Trigger.uasset" 48
"../../../Engine/Content/EditorResources/LightIcons/S_LightError.uasset" 49
"../../../Engine/Content/EditorResources/SequenceRecorder/Countdown.uasset" 50
"../../../Engine/Content/EditorResources/SequenceRecorder/RecordingIndicator.uasset" 51
"../../../Engine/Content/EngineDamageTypes/DmgTypeBP_Environmental.uasset" 52
"../../../Engine/Content/EngineDebugMaterials/DebugEditorMaterial.uasset" 53
"../../../Engine/Content/EngineDebugMaterials/DebugMeshMaterial.uasset" 54
"../../../Engine/Content/EngineDebugMaterials/M_SimpleUnlitTranslucent.uasset" 55
"../../../Engine/Content/EngineDebugMaterials/VolumeToRender.uasset" 56
"../../../Engine/Content/Functions/Engine_MaterialFunctions02/Utility/CameraDirectionVector.uasset" 57
"../../../Engine/Content/EngineDebugMaterials/M_VolumeRenderSphereTracePP.uasset" 58
"../../../Engine/Content/Functions/Engine_MaterialFunctions01/Shading/ConvertFromDiffSpec.uasset" 59
"../../../Engine/Content/EngineDebugMaterials/VertexColorMaterial.uasset" 60
"../../../Engine/Content/EngineDebugMaterials/WireframeMaterial.uasset" 61
"../../../Engine/Content/EngineFonts/Faces/RobotoRegular.uasset" 62
"../../../Engine/Content/EngineFonts/Faces/RobotoLight.uasset" 63
"../../../Engine/Content/EngineFonts/Faces/RobotoItalic.uasset" 64
"../../../Engine/Content/EngineFonts/Faces/RobotoBoldItalic.uasset" 65
"../../../Engine/Content/EngineFonts/Faces/RobotoBold.uasset" 66
"../../../Engine/Content/EngineFonts/Faces/DroidSansFallback.uasset" 67
"../../../Engine/Content/EngineFonts/Roboto.uasset" 68
"../../../Engine/Content/EngineMaterials/BaseFlattenNormalMap.uasset" 69
"../../../Engine/Content/EngineMaterials/BaseFlattenGrayscaleMap.uasset" 70
"../../../Engine/Content/EngineMaterials/BaseFlattenEmissiveMap.uasset" 71
"../../../Engine/Content/EngineMaterials/BaseFlattenDiffuseMap.uasset" 72
"../../../Engine/Content/EngineMaterials/BaseFlattenMaterial.uasset" 73
"../../../Engine/Content/EngineMaterials/BlueNoise.uasset" 74
"../../../Engine/Content/EngineMaterials/DefaultBloomKernel.uasset" 75
"../../../Engine/Content/EngineMaterials/DefaultBokeh.uasset" 76
"../../../Engine/Content/EngineMaterials/DefaultDiffuse.uasset" 77
"../../../Engine/Content/EngineMaterials/DefaultDeferredDecalMaterial.uasset" 78
"../../../Engine/Content/EngineMaterials/DefaultLightFunctionMaterial.uasset" 79
"../../../Engine/Content/EngineMaterials/DefaultPhysicalMaterial.uasset" 80
"../../../Engine/Content/Functions/Engine_MaterialFunctions02/Utility/BreakOutFloat2Components.uasset" 81
"../../../Engine/Content/EngineMaterials/DefaultPostProcessMaterial.uasset" 82
"../../../Engine/Content/EngineFonts/RobotoDistanceField.uasset" 83
"../../../Engine/Content/EngineMaterials/DefaultTextMaterialOpaque.uasset" 84
"../../../Engine/Content/EngineMaterials/DefaultWhiteGrid.uasset" 85
"../../../Engine/Content/EngineMaterials/DefaultWhiteGrid_Low.uasset" 86
"../../../Engine/Content/EngineMaterials/EmissiveMeshMaterial.uasset" 87
"../../../Engine/Content/EngineMaterials/GizmoMaterial.uasset" 88
"../../../Engine/Content/EngineMaterials/Good64x64TilingNoiseHighFreq.uasset" 89
"../../../Engine/Content/EngineMaterials/MiniFont.uasset" 90
"../../../Engine/Content/EngineMaterials/InvalidLightmapSettings.uasset" 91
"../../../Engine/Content/EngineMaterials/M_InvalidLightmapSettings.uasset" 92
"../../../Engine/Content/Functions/Engine_MaterialFunctions02/WorldPositionOffset/CameraOffset.uasset" 93
"../../../Engine/Content/EngineMaterials/PhAT_JointLimitMaterial.uasset" 94
"../../../Engine/Content/EngineMaterials/PreintegratedSkinBRDF.uasset" 95
"../../../Engine/Content/EngineMaterials/RemoveSurfaceMaterial.uasset" 96
"../../../Engine/Content/EngineMaterials/WeightMapPlaceholderTexture.uasset" 97
"../../../Engine/Content/EngineResources/WhiteSquareTexture.uasset" 98
"../../../Engine/Content/EngineMaterials/Widget3DPassThrough.uasset" 99
"../../../Engine/Content/EngineMaterials/Widget3DPassThrough_Masked.uasset" 100
"../../../Engine/Content/EngineMaterials/Widget3DPassThrough_Opaque.uasset" 101
"../../../Engine/Content/EngineMaterials/Widget3DPassThrough_Masked_OneSided.uasset" 102
"../../../Engine/Content/EngineMaterials/Widget3DPassThrough_Opaque_OneSided.uasset" 103
"../../../Engine/Content/EngineMaterials/Widget3DPassThrough_Translucent.uasset" 104
"../../../Engine/Content/EngineMaterials/Widget3DPassThrough_Translucent_OneSided.uasset" 105
"../../../Engine/Content/EngineMeshes/Cylinder.uasset" 106
"../../../Engine/Content/EngineMeshes/Sphere.uasset" 107
"../../../Engine/Content/EngineResources/Black.uasset" 108
"../../../Engine/Content/EngineResources/DefaultTextureCube.uasset" 109
"../../../Engine/Content/EngineResources/DefaultVolumeTexture2D.uasset" 110
"../../../Engine/Content/EngineResources/DefaultVolumeTexture.uasset" 111
"../../../Engine/Content/EngineResources/GradientTexture0.uasset" 112
"../../../Engine/Content/EngineSky/VolumetricClouds/T_NoiseShape64.uasset" 113
"../../../Engine/Content/EngineSky/VolumetricClouds/T_VolumeNoiseShape64.uasset" 114
"../../../Engine/Content/EngineSky/VolumetricClouds/T_NoiseErosion.uasset" 115
"../../../Engine/Content/EngineSky/VolumetricClouds/T_VolumeNoiseErosion32.uasset" 116
"../../../Engine/Content/EngineSky/VolumetricClouds/CloudWeatherTexture.uasset" 117
"../../../Engine/Content/EngineSky/VolumetricClouds/CloudGradientTexture.uasset" 118
"../../../Engine/Content/Functions/Engine_MaterialFunctions02/Utility/MakeFloat2.uasset" 119
"../../../Engine/Content/EngineSky/VolumetricClouds/m_SimpleVolumetricCloud.uasset" 120
"../../../Engine/Content/EngineSky/VolumetricClouds/m_SimpleVolumetricCloud_Inst.uasset" 121
"../../../Engine/Content/EngineSounds/Master.uasset" 122
"../../../Engine/Content/Functions/Engine_MaterialFunctions01/Shading/PowerToRoughness.uasset" 123
"../../../Engine/Content/Maps/Templates/Thumbnails/Default.uasset" 124
"../../../Engine/Content/Maps/Templates/Thumbnails/TimeOfDay.uasset" 125
"../../../Engine/Content/Maps/Templates/Thumbnails/VR-Basic.uasset" 126
"../../../Engine/Content/MobileResources/T_MobileControls_texture.uasset" 127
"../../../Engine/Content/MobileResources/T_MobileMenu2.uasset" 128
"../../../Engine/Content/MobileResources/HUD/AnalogHat.uasset" 129
"../../../Engine/Content/MobileResources/HUD/VirtualJoystick_Thumb.uasset" 130
"../../../Engine/Content/MobileResources/HUD/VirtualJoystick_Background.uasset" 131
"../../../Engine/Content/MobileResources/HUD/DefaultVirtualJoysticks.uasset" 132
"../../../Engine/Content/MobileResources/HUD/LeftVirtualJoystickOnly.uasset" 133
"../../../Engine/Content/MobileResources/HUD/MobileHUDButton1_off.uasset" 134
"../../../Engine/Content/MobileResources/HUD/MobileHUDButton1_on.uasset" 135
"../../../Engine/Content/MobileResources/HUD/MobileHUDButton2_off.uasset" 136
"../../../Engine/Content/MobileResources/HUD/MobileHUDButton2_on.uasset" 137
"../../../Engine/Content/MobileResources/HUD/MobileHUDButton3.uasset" 138
"../../../Engine/Content/MobileResources/HUD/MobileHUDButtonFire.uasset" 139
"../../../Engine/Content/MobileResources/HUD/MobileHUDDirectionPad.uasset" 140
"../../../Engine/Content/MobileResources/HUD/MobileHUDDirectionPad2.uasset" 141
"../../../Engine/Content/MobileResources/HUD/MobileHUDDirectionPad3.uasset" 142
"../../../Engine/Content/MobileResources/HUD/MobileHUDDirectionStick.uasset" 143
"../../../Engine/Content/MobileResources/HUD/T_Castle_ThumbstickInner.uasset" 144
"../../../Engine/Content/MobileResources/HUD/T_Castle_ThumbstickOutter.uasset" 145
"../../../Engine/Content/Tutorial/ContentIntroCurve.uasset" 146
"../../../Engine/Content/Tutorial/Basics/LevelEditorAttract.uasset" 147
"../../../Engine/Content/VREditor/TransformGizmo/TranslucentTransformGizmoMaterial.uasset" 148
"../../../Engine/Content/VREditor/LaserPointer/VR_LaserPower_01.uasset" 149
"../../../Engine/Content/VREditor/TransformGizmo/TransformGizmoMaterial.uasset" 150
"../../../Engine/Content/VREditor/TransformGizmo/BoundingBoxCorner.uasset" 151
"../../../Engine/Content/VREditor/TransformGizmo/BoundingBoxEdge.uasset" 152
"../../../Engine/Content/VREditor/TransformGizmo/PlaneTranslationHandle.uasset" 153
"../../../Engine/Content/VREditor/TransformGizmo/Xray.uasset" 154
"../../../Engine/Content/VREditor/TransformGizmo/Main.uasset" 155
"../../../Engine/Content/VREditor/TransformGizmo/SM_Sequencer_Key.uasset" 156
"../../../Engine/Content/VREditor/TransformGizmo/SM_Sequencer_Node.uasset" 157
"../../Plugins/2D/Paper2D/Content/PlaceholderTextures/DummySpriteTexture.uasset" 158
"../../Plugins/2D/Paper2D/Content/DummySprite.uasset" 159
"../../Plugins/2D/Paper2D/Content/DefaultPaperTerrainMaterial.uasset" 160
"../../Plugins/2D/Paper2D/Content/DefaultSpriteMaterial.uasset" 161
"../../Plugins/2D/Paper2D/Content/MaskedUnlitSpriteMaterial.uasset" 162
"../../Plugins/2D/Paper2D/Content/OpaqueUnlitSpriteMaterial.uasset" 163
"../../../Engine/Content/Functions/Engine_MaterialFunctions02/Utility/BreakOutFloat3Components.uasset" 164
"../../Plugins/Editor/SpeedTreeImporter/Content/SpeedTree9/UnpackInteger3.uasset" 165
"../../Plugins/Editor/SpeedTreeImporter/Content/SpeedTree9/UnpackDirection.uasset" 166
"../../Plugins/Editor/SpeedTreeImporter/Content/SpeedTree9/game_wind_noise.uasset" 167
"../../../Engine/Content/Functions/Engine_MaterialFunctions02/SafeNormalize.uasset" 168
"../../Plugins/Editor/SpeedTreeImporter/Content/SpeedTree9/SpeedTreeWindMotion.uasset" 169
"../../Plugins/Editor/SpeedTreeImporter/Content/SpeedTree9/SpeedTreeBranchMotion.uasset" 170
"../../../Engine/Content/Functions/Engine_MaterialFunctions02/ObjectLocalBounds.uasset" 171
"../../../Engine/Content/Functions/Engine_MaterialFunctions02/UVs/BoundingBoxBased_0-1_UVW.uasset" 172
"../../Plugins/Editor/SpeedTreeImporter/Content/SpeedTree9/SpeedTreeWind.uasset" 173
"../../Plugins/Editor/SpeedTreeImporter/Content/SpeedTree9/SpeedTreeBillboard.uasset" 174
"../../../Engine/Content/EngineResources/DefaultTexture.uasset" 175
"../../Plugins/Editor/SpeedTreeImporter/Content/SpeedTree9/SpeedTreeBillboardMaster.uasset" 176
"../../Plugins/Editor/SpeedTreeImporter/Content/SpeedTree9/SpeedTreeCameraFacing.uasset" 177
"../../Plugins/Editor/SpeedTreeImporter/Content/SpeedTree9/SpeedTreeMaster.uasset" 178
"../../Plugins/Experimental/ControlRig/Content/M_Manip.uasset" 179
"../../Plugins/Experimental/ControlRig/Content/Controls/ControlRigGizmoMaterial.uasset" 180
"../../Plugins/Experimental/ControlRig/Content/Controls/ControlRig_Arrow2_1mm.uasset" 181
"../../Plugins/Experimental/ControlRig/Content/Controls/ControlRig_Arrow2_3mm.uasset" 182
"../../Plugins/Experimental/ControlRig/Content/Controls/ControlRig_Arrow2_solid.uasset" 183
"../../Plugins/Experimental/ControlRig/Content/Controls/ControlRig_Arrow4_1mm.uasset" 184
"../../Plugins/Experimental/ControlRig/Content/Controls/ControlRig_Arrow4_3mm.uasset" 185
"../../Plugins/Experimental/ControlRig/Content/Controls/ControlRig_Arrow4_solid.uasset" 186
"../../Plugins/Experimental/ControlRig/Content/Controls/ControlRig_Arrow_1mm.uasset" 187
"../../Plugins/Experimental/ControlRig/Content/Controls/ControlRig_Arrow_3mm.uasset" 188
"../../Plugins/Experimental/ControlRig/Content/Controls/ControlRig_Arrow_solid.uasset" 189
"../../Plugins/Experimental/ControlRig/Content/Controls/ControlRig_Box_1mm.uasset" 190
"../../Plugins/Experimental/ControlRig/Content/Controls/ControlRig_Box_3mm.uasset" 191
"../../Plugins/Experimental/ControlRig/Content/Controls/ControlRig_Box_solid.uasset" 192
"../../Plugins/Experimental/ControlRig/Content/Controls/ControlRig_Circle_1mm.uasset" 193
"../../Plugins/Experimental/ControlRig/Content/Controls/ControlRig_Circle_3mm.uasset" 194
"../../Plugins/Experimental/ControlRig/Content/Controls/ControlRig_Circle_solid.uasset" 195
"../../Plugins/Experimental/ControlRig/Content/Controls/ControlRig_Diamond_1mm.uasset" 196
"../../Plugins/Experimental/ControlRig/Content/Controls/ControlRig_Diamond_3mm.uasset" 197
"../../Plugins/Experimental/ControlRig/Content/Controls/ControlRig_Diamond_solid.uasset" 198
"../../Plugins/Experimental/ControlRig/Content/Controls/ControlRig_HalfCircle_1mm.uasset" 199
"../../Plugins/Experimental/ControlRig/Content/Controls/ControlRig_HalfCircle_3mm.uasset" 200
"../../Plugins/Experimental/ControlRig/Content/Controls/ControlRig_HalfCircle_solid.uasset" 201
"../../Plugins/Experimental/ControlRig/Content/Controls/ControlRig_Hexagon_1mm.uasset" 202
"../../Plugins/Experimental/ControlRig/Content/Controls/ControlRig_Hexagon_3mm.uasset" 203
"../../Plugins/Experimental/ControlRig/Content/Controls/ControlRig_Hexagon_solid.uasset" 204
"../../Plugins/Experimental/ControlRig/Content/Controls/ControlRig_Octagon_1mm.uasset" 205
"../../Plugins/Experimental/ControlRig/Content/Controls/ControlRig_Octagon_3mm.uasset" 206
"../../Plugins/Experimental/ControlRig/Content/Controls/ControlRig_Octagon_solid.uasset" 207
"../../Plugins/Experimental/ControlRig/Content/Controls/ControlRig_Pyramid_1mm.uasset" 208
"../../Plugins/Experimental/ControlRig/Content/Controls/ControlRig_Pyramid_3mm.uasset" 209
"../../Plugins/Experimental/ControlRig/Content/Controls/ControlRig_Pyramid_solid.uasset" 210
"../../Plugins/Experimental/ControlRig/Content/Controls/ControlRig_QuarterCircle_1mm.uasset" 211
"../../Plugins/Experimental/ControlRig/Content/Controls/ControlRig_QuarterCircle_3mm.uasset" 212
"../../Plugins/Experimental/ControlRig/Content/Controls/ControlRig_QuarterCircle_solid.uasset" 213
"../../Plugins/Experimental/ControlRig/Content/Controls/ControlRig_RoundedSquare_1mm.uasset" 214
"../../Plugins/Experimental/ControlRig/Content/Controls/ControlRig_RoundedSquare_3mm.uasset" 215
"../../Plugins/Experimental/ControlRig/Content/Controls/ControlRig_RoundedSquare_solid.uasset" 216
"../../Plugins/Experimental/ControlRig/Content/Controls/ControlRig_RoundedTriangle_1mm.uasset" 217
"../../Plugins/Experimental/ControlRig/Content/Controls/ControlRig_RoundedTriangle_3mm.uasset" 218
"../../Plugins/Experimental/ControlRig/Content/Controls/ControlRig_RoundedTriangle_solid.uasset" 219
"../../Plugins/Experimental/ControlRig/Content/Controls/ControlRig_Sphere_1mm.uasset" 220
"../../Plugins/Experimental/ControlRig/Content/Controls/ControlRig_Sphere_3mm.uasset" 221
"../../Plugins/Experimental/ControlRig/Content/Controls/ControlRig_Sphere_solid.uasset" 222
"../../Plugins/Experimental/ControlRig/Content/Controls/ControlRig_Square_1mm.uasset" 223
"../../Plugins/Experimental/ControlRig/Content/Controls/ControlRig_Square_3mm.uasset" 224
"../../Plugins/Experimental/ControlRig/Content/Controls/ControlRig_Square_solid.uasset" 225
"../../Plugins/Experimental/ControlRig/Content/Controls/ControlRig_Star4_1mm.uasset" 226
"../../Plugins/Experimental/ControlRig/Content/Controls/ControlRig_Star4_3mm.uasset" 227
"../../Plugins/Experimental/ControlRig/Content/Controls/ControlRig_Star4_solid.uasset" 228
"../../Plugins/Experimental/ControlRig/Content/Controls/ControlRig_Triangle_1mm.uasset" 229
"../../Plugins/Experimental/ControlRig/Content/Controls/ControlRig_Triangle_3mm.uasset" 230
"../../Plugins/Experimental/ControlRig/Content/Controls/ControlRig_Triangle_solid.uasset" 231
"../../Plugins/Experimental/ControlRig/Content/Controls/ControlRig_Wedge_1mm.uasset" 232
"../../Plugins/Experimental/ControlRig/Content/Controls/ControlRig_Wedge_3mm.uasset" 233
"../../Plugins/Experimental/ControlRig/Content/Controls/ControlRig_Wedge_solid.uasset" 234
"../../Plugins/Experimental/ControlRig/Content/Controls/DefaultGizmoLibrary.uasset" 235
"../../../Engine/Content/BasicShapes/Cylinder.uasset" 236
"../../../Engine/Content/ArtTools/RenderToTexture/Materials/Debug/M_Emissive_Color.uasset" 237
"../../Plugins/Lumin/MagicLeapPassableWorld/Content/MagicLeapARPinInfoActor.uasset" 238
"../../../Engine/Content/Functions/Engine_MaterialFunctions02/Utility/BreakOutFloat4Components.uasset" 239
"../../../Engine/Content/Functions/Engine_MaterialFunctions02/Utility/MakeFloat3.uasset" 240
"../../Plugins/Runtime/Oculus/OculusVR/Content/Materials/OculusMR_ChromaKey.uasset" 241
"../../Plugins/Runtime/Oculus/OculusVR/Content/Materials/OculusMR_OpaqueColoredMaterial.uasset" 242
"../../Plugins/Runtime/Oculus/OculusVR/Content/Materials/PokeAHoleMaterial.uasset" 243
"D:/UEPROJECTS/Exp-game/Content/ENUM/EResultType.uasset" 244
"D:/UEPROJECTS/Exp-game/Content/STR/STR_SingleRecord.uasset" 245
"D:/UEPROJECTS/Exp-game/Content/STR/STR_OnePersonGameDataSet.uasset" 246
"D:/UEPROJECTS/Exp-game/Content/Geometry/Meshes/1M_Cube_Chamfer.uasset" 247
"D:/UEPROJECTS/Exp-game/Content/Geometry/Meshes/1M_Cube.uasset" 248
"../../../Engine/Content/EngineSky/T_Sky_Stars.uasset" 249
"../../../Engine/Content/EngineSky/T_Sky_Clouds_M.uasset" 250
"../../../Engine/Content/EngineSky/T_Sky_Blue.uasset" 251
"D:/UEPROJECTS/Exp-game/Content/TwinStick/Meshes/GreenMaterial.uasset" 252
"../../../Engine/Content/EngineSky/M_Sky_Panning_Clouds2.uasset" 253
"../../../Engine/Content/Functions/Engine_MaterialFunctions03/Procedurals/ComputeFilterWidth.uasset" 254
"../../../Engine/Content/EngineMaterials/AntiAliasedTextMaterialTranslucent.uasset" 255
"D:/UEPROJECTS/Exp-game/Content/EXPMap_BuiltData.uasset" 256
"D:/UEPROJECTS/Exp-game/Content/TwinStick/Audio/Bad.uasset" 257
"D:/UEPROJECTS/Exp-game/Content/TwinStick/Meshes/TwinStickProjectile.uasset" 258
"D:/UEPROJECTS/Exp-game/Content/TwinStick/Meshes/RedMaterial.uasset" 259
"D:/UEPROJECTS/Exp-game/Content/Icons/keyboard_key_s.uasset" 260
"D:/UEPROJECTS/Exp-game/Content/Icons/keyboard_key_l.uasset" 261
"D:/UEPROJECTS/Exp-game/Content/Icons/keyboard_key_k.uasset" 262
"D:/UEPROJECTS/Exp-game/Content/Icons/keyboard_key_f.uasset" 263
"D:/UEPROJECTS/Exp-game/Content/Icons/keyboard_key_d.uasset" 264
"D:/UEPROJECTS/Exp-game/Content/Icons/keyboard_key_a.uasset" 265
"D:/UEPROJECTS/Exp-game/Content/ENUM/EAlphabet.uasset" 266
"D:/UEPROJECTS/Exp-game/Content/UMG/UI_KeyIcon.uasset" 267
"D:/UEPROJECTS/Exp-game/Content/TwinStick/Audio/Good.uasset" 268
"../../../Engine/Content/EditorBlueprintResources/StandardMacros.uasset" 269
"D:/UEPROJECTS/Exp-game/Content/STR/STR_Config.uasset" 270
"D:/UEPROJECTS/Exp-game/Content/ENUM/EUIStage.uasset" 271
"D:/UEPROJECTS/Exp-game/Content/UMG/UI_RestTimerUMG.uasset" 272
"D:/UEPROJECTS/Exp-game/Content/STR/STR_SingleEXPDayBallData.uasset" 273
"D:/UEPROJECTS/Exp-game/Content/STR/STR_SingleProfileData.uasset" 274
"D:/UEPROJECTS/Exp-game/Content/Data/User_Profile.uasset" 275
"D:/UEPROJECTS/Exp-game/Content/Data/AllRecordSaveData.uasset" 276
"D:/UEPROJECTS/Exp-game/Content/UMG/UMG_MessageBox.uasset" 277
"D:/UEPROJECTS/Exp-game/Content/Blueprints/EXP_BPFL.uasset" 278
"D:/UEPROJECTS/Exp-game/Content/Blueprints/BP_DataManager.uasset" 279
"D:/UEPROJECTS/Exp-game/Content/UMG/UI_Game.uasset" 280
"D:/UEPROJECTS/Exp-game/Content/Blueprints/DeviceSet.uasset" 281
"D:/UEPROJECTS/Exp-game/Content/Blueprints/Device.uasset" 282
"D:/UEPROJECTS/Exp-game/Content/Blueprints/EXP_Projectile.uasset" 283
"D:/UEPROJECTS/Exp-game/Content/Blueprints/Player.uasset" 284
"D:/UEPROJECTS/Exp-game/Content/Blueprints/EXPGameMode.uasset" 285
"../../../Engine/Content/EngineSky/SM_SkySphere.uasset" 286
"../../../Engine/Content/EngineSky/C_Sky_Zenith_Color.uasset" 287
"../../../Engine/Content/EngineSky/C_Sky_Horizon_Color.uasset" 288
"../../../Engine/Content/EngineSky/C_Sky_Cloud_Color.uasset" 289
"../../../Engine/Content/EngineSky/BP_Sky_Sphere.uasset" 290
"D:/UEPROJECTS/Exp-game/Content/EXPMap.umap" 291
"../../../Engine/Content/Maps/Entry_BuiltData.uasset" 292
"../../../Engine/Content/Maps/Entry.umap" 293
